2020-06-01 1287.0
2020-06-02 1338.0
2020-06-03 1217.0
2020-06-04 1129.0
2020-06-05 1004.0
2020-06-06 710.0
2020-06-07 657.0
2020-06-08 977.0
2020-06-09 1047.0
2020-06-10 1074.0
2020-06-11 907.0
2020-06-12 930.0
2020-06-13 780.0
2020-06-14 743.0
2020-06-15 924.0
2020-06-16 977.0
2020-06-17 893.0
2020-06-18 926.0
2020-06-19 805.0
2020-06-20 623.0
2020-06-21 547.0
2020-06-22 806.0
2020-06-23 715.0
2020-06-24 719.0
2020-06-25 630.0
2020-06-26 632.0
2020-06-27 501.0
2020-06-28 408.0
2020-06-29 653.0
2020-06-30 567.0
2020-07-01 599.0
2020-07-02 542.0
2020-07-03 530.0
2020-07-04 381.0
2020-07-05 534.0
2020-07-06 640.0
2020-07-07 546.0
2020-07-08 658.0
2020-07-09 672.0
2020-07-10 510.0
2020-07-11 406.0
2020-07-12 347.0
2020-07-13 666.0
2020-07-14 635.0
2020-07-15 712.0
2020-07-16 629.0
2020-07-17 534.0
2020-07-18 464.0
2020-07-19 407.0
2020-07-20 744.0
2020-07-21 676.0
2020-07-22 734.0
2020-07-23 716.0
2020-07-24 694.0
2020-07-25 487.0
2020-07-26 509.0
2020-07-27 800.0
2020-07-28 771.0
2020-07-29 966.0
2020-07-30 845.0
2020-07-31 617.0
2020-08-01 490.0
2020-08-02 506.0
2020-08-03 933.0
2020-08-04 910.0
2020-08-05 931.0
2020-08-06 961.0
2020-08-07 851.0
2020-08-08 635.0
2020-08-09 553.0
2020-08-10 1332.0
2020-08-11 1194.0
2020-08-12 1086.0
2020-08-13 1008.0
2020-08-14 1034.0
2020-08-15 639.0
2020-08-16 523.0
2020-08-17 1125.0
2020-08-18 910.0
2020-08-19 1058.0
2020-08-20 1193.0
2020-08-21 986.0
2020-08-22 703.0
2020-08-23 686.0
2020-08-24 1053.0
2020-08-25 1014.0
2020-08-26 1114.0
2020-08-27 1303.0
2020-08-28 1343.0
2020-08-29 1019.0
2020-08-30 960.0
2020-08-31 1245.0
2020-09-01 1890.0
2020-09-02 2577.0
2020-09-03 2619.0
2020-09-04 2516.0
2020-09-05 2106.0
2020-09-06 2020.0
2020-09-07 3342.0
2020-09-08 2639.0
2020-09-09 2237.0
2020-09-10 2007.0
2020-06-01 1290.0
2020-06-02 1341.0
2020-06-03 1222.0
2020-06-04 1134.0
2020-06-05 1009.0
2020-06-06 714.0
2020-06-07 659.0
2020-06-08 984.0
2020-06-09 1048.0
2020-06-10 1075.0
2020-06-11 908.0
2020-06-12 936.0
2020-06-13 785.0
2020-06-14 743.0
2020-06-15 924.0
2020-06-16 976.0
2020-06-17 894.0
2020-06-18 928.0
2020-06-19 810.0
2020-06-20 626.0
2020-06-21 547.0
2020-06-22 805.0
2020-06-23 715.0
2020-06-24 720.0
2020-06-25 631.0
2020-06-26 633.0
2020-06-27 500.0
2020-06-28 408.0
2020-06-29 656.0
2020-06-30 567.0
2020-07-01 598.0
2020-07-02 543.0
2020-07-03 530.0
2020-07-04 382.0
2020-07-05 534.0
2020-07-06 641.0
2020-07-07 547.0
2020-07-08 659.0
2020-07-09 672.0
2020-07-10 510.0
2020-07-11 407.0
2020-07-12 347.0
2020-07-13 666.0
2020-07-14 635.0
2020-07-15 712.0
2020-07-16 629.0
2020-07-17 534.0
2020-07-18 464.0
2020-07-19 407.0
2020-07-20 744.0
2020-07-21 676.0
2020-07-22 734.0
2020-07-23 716.0
2020-07-24 694.0
2020-07-25 487.0
2020-07-26 509.0
2020-07-27 800.0
2020-07-28 771.0
2020-07-29 966.0
2020-07-30 846.0
2020-07-31 617.0
2020-08-01 490.0
2020-08-02 506.0
2020-08-03 933.0
2020-08-04 910.0
2020-08-05 930.0
2020-08-06 960.0
2020-08-07 851.0
2020-08-08 635.0
2020-08-09 553.0
2020-08-10 1332.0
2020-08-11 1194.0
2020-08-12 1086.0
2020-08-13 1009.0
2020-08-14 1033.0
2020-08-15 639.0
2020-08-16 523.0
2020-08-17 1125.0
2020-08-18 910.0
2020-08-19 1058.0
2020-08-20 1193.0
2020-08-21 986.0
2020-08-22 702.0
2020-08-23 687.0
2020-08-24 1053.0
2020-08-25 1014.0
2020-08-26 1114.0
2020-08-27 1303.0
2020-08-28 1343.0
2020-08-29 1020.0
2020-08-30 960.0
2020-08-31 1246.0
2020-09-01 1892.0
2020-09-02 2578.0
2020-09-03 2623.0
2020-09-04 2527.0
2020-09-05 2121.0
2020-09-06 2023.0
2020-09-07 3391.0
2020-09-08 2892.0
2020-09-09 2600.0
2020-09-10 2462.0
2020-09-11 1343.0
